<?xml version="1.0" encoding="UTF-8"?>
<!-- Generated by org.testng.reporters.JUnitReportReporter -->
<testsuite hostname="LAPTOP-3UIEUVU9" failures="1" tests="2" name="zoho.testrunner.MyRunner" time="44.894" errors="0" timestamp="2022-03-24T15:04:48 EDT" skipped="0">
  <testcase classname="zoho.testrunner.MyRunner" name="runScenario" time="18.704">
    <failure message="The following asserts failed:
	Lead  found in lead list" type="java.lang.AssertionError">
      <![CDATA[java.lang.AssertionError: The following asserts failed:
Lead  found in lead list
at org.testng.asserts.SoftAssert.assertAll(SoftAssert.java:47)
at org.testng.asserts.SoftAssert.assertAll(SoftAssert.java:31)
at zoho.managers.WebDriverManager.logFailure(WebDriverManager.java:66)
at pages.LeadDetailPage.validateLeadNotPresent(LeadDetailPage.java:30)
at zoho.teststeps.Leads.verifyLeadCreation(Leads.java:103)
at ✽.Lead 'John Alex' should 'not be present' inside the grid(file:///D:/LearningJavaSelenium/CucumberLearning/src/test/resources/zoho/leads.feature:50)
]]>
    </failure>
  </testcase> <!-- runScenario -->
  <system-out/>
  <testcase classname="zoho.testrunner.MyRunner" name="runScenario" time="26.190"/>
  <system-out/>
</testsuite> <!-- zoho.testrunner.MyRunner -->
