<?xml version="1.0" encoding="UTF-8"?>
<testsuite xmlns:xsi="http://www.w3.org/2001/XMLSchema-instance" xsi:noNamespaceSchemaLocation="https://maven.apache.org/surefire/maven-surefire-plugin/xsd/surefire-test-report-3.0.xsd" version="3.0" name="TestSuite" time="24.451" tests="1" errors="0" skipped="0" failures="1">
  <properties>
[...]
</properties>
  <testcase name="runScenario" classname="zoho.testrunner.MyRunner" time="23.143">
    <failure message="The following asserts failed:&#10;	Lead  found in lead list" type="java.lang.AssertionError"><![CDATA[java.lang.AssertionError: 
The following asserts failed:
	Lead  found in lead list
]]></failure>
    <system-out><![CDATA[Calling Test Context Constructor
Calling Page Object Manager Constructor
Calling WebDriver Manager Constructor
Calling Session Constructor
Iam logged in to the website
Coming into ID Locator
============lalitha517.sudireddy@gmail.com
Coming into ID Locator
Coming into ID Locator
============Frenchstreet@3010
Coming into ID Locator
Calling TopMenu Constructor
10
[[ChromeDriver: chrome on WINDOWS (d1e8f4570745c8be9caa0037f9fe4bb6)] -> css selector: lyte-exptable-tr > lyte-exptable-td:nth-child(4) ]
Christopher Maclead (Sample)
Coming into ID Locator
10
[[ChromeDriver: chrome on WINDOWS (d1e8f4570745c8be9caa0037f9fe4bb6)] -> css selector: lyte-exptable-tr > lyte-exptable-td:nth-child(4) ]
Christopher Maclead (Sample)
]]></system-out>
    <system-err><![CDATA[Starting ChromeDriver 98.0.4758.102 (273bf7ac8c909cde36982d27f66f3c70846a3718-refs/branch-heads/4758@{#1151}) on port 18056
Only local connections are allowed.
Please see https://chromedriver.chromium.org/security-considerations for suggestions on keeping ChromeDriver safe.
ChromeDriver was started successfully.
[1648148510.348][WARNING]: This version of ChromeDriver has not been tested with Chrome version 99.
Mar 24, 2022 3:01:50 PM org.openqa.selenium.remote.ProtocolHandshake createSession
INFO: Detected dialect: W3C
]]></system-err>
  </testcase>
</testsuite>